2018-08-01 05:14:48 +0000  Initial pipeline context: <IDEDistributionProcessingPipelineContext: 0x7ff41248f3a0; archive(resolved)='<IDEArchive: 0x7ff42754e8f0>', distributionTask(resolved)='2', distributionMethod(resolved)='<IDEDistributionMethodiOSAppStoreExport: 0x7ff4274db240>', team(resolved)='<IDEProvisioningBasicTeam: 0x7ff42e560970; teamID='6J33RU6PF7', teamName='Socializing Syndicate Corporation'>'>
	Chain (11, self inclusive):
	<IDEDistributionProcessingPipelineContext: 0x7ff41248f3a0; archive = '<IDEArchive: 0x7ff42754e8f0>', distributionMethod='<IDEDistributionMethodiOSAppStoreExport: 0x7ff4274db240>', team='<IDEProvisioningBasicTeam: 0x7ff42e560970; teamID='6J33RU6PF7', teamName='Socializing Syndicate Corporation'>'>
	<IDEDistributionProcessingPipelineContext: 0x7ff4117bcc60; archive = '<IDEArchive: 0x7ff42754e8f0>', distributionMethod='<IDEDistributionMethodiOSAppStoreExport: 0x7ff4274db240>', team='<IDEProvisioningBasicTeam: 0x7ff42e560970; teamID='6J33RU6PF7', teamName='Socializing Syndicate Corporation'>'>
	<IDEDistributionContext: 0x7ff412546260; archive = '<IDEArchive: 0x7ff42754e8f0>', distributionMethod='<IDEDistributionMethodiOSAppStoreExport: 0x7ff4274db240>', team='<IDEProvisioningBasicTeam: 0x7ff42e560970; teamID='6J33RU6PF7', teamName='Socializing Syndicate Corporation'>'>
	<IDEDistributionContext: 0x7ff4129beca0; archive = '<IDEArchive: 0x7ff42754e8f0>', distributionMethod='<IDEDistributionMethodiOSAppStoreExport: 0x7ff4274db240>', team='<IDEProvisioningBasicTeam: 0x7ff42e560970; teamID='6J33RU6PF7', teamName='Socializing Syndicate Corporation'>'>
	<IDEDistributionContext: 0x7ff4125db060; archive = '<IDEArchive: 0x7ff42754e8f0>', distributionMethod='<IDEDistributionMethodiOSAppStoreExport: 0x7ff4274db240>', team='<IDEProvisioningBasicTeam: 0x7ff42e560970; teamID='6J33RU6PF7', teamName='Socializing Syndicate Corporation'>'>
	<IDEDistributionContext: 0x7ff42c00f020; archive = '<IDEArchive: 0x7ff42754e8f0>', distributionMethod='<IDEDistributionMethodiOSAppStoreExport: 0x7ff4274db240>', team='<IDEProvisioningBasicTeam: 0x7ff42e560970; teamID='6J33RU6PF7', teamName='Socializing Syndicate Corporation'>'>
	<IDEDistributionContext: 0x7ff42ddd4e10; archive = '<IDEArchive: 0x7ff42754e8f0>', distributionMethod='<IDEDistributionMethodiOSAppStoreExport: 0x7ff4274db240>', team='<IDEProvisioningBasicTeam: 0x7ff42e560970; teamID='6J33RU6PF7', teamName='Socializing Syndicate Corporation'>'>
	<IDEDistributionContext: 0x7ff426c6ab50; archive = '<IDEArchive: 0x7ff42754e8f0>', distributionMethod='<IDEDistributionMethodiOSAppStoreExport: 0x7ff4274db240>', team='<IDEProvisioningBasicTeam: 0x7ff42e560970; teamID='6J33RU6PF7', teamName='Socializing Syndicate Corporation'>'>
	<IDEDistributionContext: 0x7ff4110f2df0; archive = '<IDEArchive: 0x7ff42754e8f0>', distributionMethod='<IDEDistributionMethodiOSAppStoreExport: 0x7ff4274db240>', team='<IDEProvisioningBasicTeam: 0x7ff42e560970; teamID='6J33RU6PF7', teamName='Socializing Syndicate Corporation'>'>
	<IDEDistributionContext: 0x7ff412e64870; archive = '<IDEArchive: 0x7ff42754e8f0>', distributionMethod='<IDEDistributionMethodiOSAppStoreExport: 0x7ff4274db240>', team='(null)'>
	<IDEDistributionContext: 0x7ff426ea95c0; archive = '<IDEArchive: 0x7ff42754e8f0>', distributionMethod='(null)', team='(null)'>
</IDEDistributionProcessingPipelineContext: 0x7ff41248f3a0>
2018-08-01 05:14:48 +0000  Processing step: IDEDistributionCreateDestRootStep
2018-08-01 05:14:48 +0000  Processing step: IDEDistributionCopyItemStep
2018-08-01 05:14:48 +0000  Running /usr/bin/ditto '-V' '/Users/panyatanich/Library/Developer/Xcode/Archives/2018-07-31/lets_go_the_app 7-31-18, 10.53 PM.xcarchive/Products/Applications/lets_go_the_app.app' '/var/folders/pz/d1sqn4b11979l8h4wqmp2nph0000gn/T/XcodeDistPipeline.PdP/Root/Payload/lets_go_the_app.app'
2018-08-01 05:14:48 +0000  >>> Copying /Users/panyatanich/Library/Developer/Xcode/Archives/2018-07-31/lets_go_the_app 7-31-18, 10.53 PM.xcarchive/Products/Applications/lets_go_the_app.app 
2018-08-01 05:14:48 +0000  copying file ./_CodeSignature/CodeResources ... 
2018-08-01 05:14:48 +0000  31675 bytes for ./_CodeSignature/CodeResources
2018-08-01 05:14:48 +0000  copying file ./Octicons.ttf ... 
2018-08-01 05:14:48 +0000  27520 bytes for ./Octicons.ttf
2018-08-01 05:14:48 +0000  copying file ./Feather.ttf ... 
2018-08-01 05:14:48 +0000  65112 bytes for ./Feather.ttf
2018-08-01 05:14:48 +0000  copying file ./Roboto_medium.ttf ... 
2018-08-01 05:14:48 +0000  137308 bytes for ./Roboto_medium.ttf
copying file ./AppIcon20x20@2x.png ... 
2018-08-01 05:14:48 +0000  4458 bytes for ./AppIcon20x20@2x.png
2018-08-01 05:14:48 +0000  copying file ./Entypo.ttf ... 
2018-08-01 05:14:48 +0000  65584 bytes for ./Entypo.ttf
copying file ./AppIcon20x20@3x.png ... 
2018-08-01 05:14:48 +0000  6103 bytes for ./AppIcon20x20@3x.png
copying file ./MaterialCommunityIcons.ttf ... 
2018-08-01 05:14:48 +0000  358456 bytes for ./MaterialCommunityIcons.ttf
copying file ./AppIcon60x60@2x.png ... 
2018-08-01 05:14:48 +0000  10789 bytes for ./AppIcon60x60@2x.png
copying file ./AppIcon29x29@2x.png ... 
2018-08-01 05:14:48 +0000  5731 bytes for ./AppIcon29x29@2x.png
2018-08-01 05:14:48 +0000  copying file ./AppIcon40x40@3x.png ... 
2018-08-01 05:14:48 +0000  10789 bytes for ./AppIcon40x40@3x.png
2018-08-01 05:14:48 +0000  copying file ./Foundation.ttf ... 
2018-08-01 05:14:48 +0000  56976 bytes for ./Foundation.ttf
copying file ./AppIcon29x29~ipad.png ... 
2018-08-01 05:14:48 +0000  3354 bytes for ./AppIcon29x29~ipad.png
2018-08-01 05:14:48 +0000  copying file ./Ionicons.ttf ... 
2018-08-01 05:14:48 +0000  112472 bytes for ./Ionicons.ttf
copying file ./AppIcon40x40@2x.png ... 
2018-08-01 05:14:48 +0000  7967 bytes for ./AppIcon40x40@2x.png
copying file ./AppIcon29x29@3x.png ... 
2018-08-01 05:14:48 +0000  8525 bytes for ./AppIcon29x29@3x.png
copying file ./AppIcon60x60@3x.png ... 
2018-08-01 05:14:48 +0000  14484 bytes for ./AppIcon60x60@3x.png
2018-08-01 05:14:48 +0000  copying file ./rubicon-icon-font.ttf ... 
2018-08-01 05:14:48 +0000  10208 bytes for ./rubicon-icon-font.ttf
2018-08-01 05:14:48 +0000  copying file ./Base.lproj/LaunchScreen.nib ... 
2018-08-01 05:14:48 +0000  2631 bytes for ./Base.lproj/LaunchScreen.nib
2018-08-01 05:14:48 +0000  copying file ./FontAwesome.ttf ... 
2018-08-01 05:14:48 +0000  165548 bytes for ./FontAwesome.ttf
2018-08-01 05:14:48 +0000  copying file ./Zocial.ttf ... 
2018-08-01 05:14:48 +0000  25552 bytes for ./Zocial.ttf
2018-08-01 05:14:48 +0000  copying file ./Roboto.ttf ... 
2018-08-01 05:14:48 +0000  145348 bytes for ./Roboto.ttf
2018-08-01 05:14:48 +0000  copying file ./Assets.car ... 
2018-08-01 05:14:48 +0000  13376568 bytes for ./Assets.car
2018-08-01 05:14:48 +0000  copying file ./AppIcon40x40@2x~ipad.png ... 
2018-08-01 05:14:48 +0000  7967 bytes for ./AppIcon40x40@2x~ipad.png
2018-08-01 05:14:48 +0000  copying file ./EvilIcons.ttf ... 
2018-08-01 05:14:48 +0000  13128 bytes for ./EvilIcons.ttf
copying file ./AppIcon76x76@2x~ipad.png ... 
2018-08-01 05:14:48 +0000  12337 bytes for ./AppIcon76x76@2x~ipad.png
copying file ./main.jsbundle ... 
2018-08-01 05:14:48 +0000  1993116 bytes for ./main.jsbundle
2018-08-01 05:14:48 +0000  copying file ./AppIcon83.5x83.5@2x~ipad.png ... 
2018-08-01 05:14:49 +0000  13826 bytes for ./AppIcon83.5x83.5@2x~ipad.png
copying file ./lets_go_the_app ... 
2018-08-01 05:14:49 +0000  26646656 bytes for ./lets_go_the_app
copying file ./AppIcon29x29@2x~ipad.png ... 
2018-08-01 05:14:49 +0000  5731 bytes for ./AppIcon29x29@2x~ipad.png
copying file ./AppIcon40x40~ipad.png ... 
2018-08-01 05:14:49 +0000  4458 bytes for ./AppIcon40x40~ipad.png
copying file ./AppIcon20x20~ipad.png ... 
2018-08-01 05:14:49 +0000  2411 bytes for ./AppIcon20x20~ipad.png
2018-08-01 05:14:49 +0000  copying file ./SimpleLineIcons.ttf ... 
2018-08-01 05:14:49 +0000  54056 bytes for ./SimpleLineIcons.ttf
copying file ./embedded.mobileprovision ... 
2018-08-01 05:14:49 +0000  11792 bytes for ./embedded.mobileprovision
2018-08-01 05:14:49 +0000  copying file ./assets/node_modules/react-native-router-flux/images/menu_burger.png ... 
2018-08-01 05:14:49 +0000  706 bytes for ./assets/node_modules/react-native-router-flux/images/menu_burger.png
copying file ./assets/node_modules/react-native-router-flux/images/back_chevron.png ... 
2018-08-01 05:14:49 +0000  575 bytes for ./assets/node_modules/react-native-router-flux/images/back_chevron.png
2018-08-01 05:14:49 +0000  copying file ./assets/node_modules/react-navigation/src/views/assets/back-icon@3x.png ... 
2018-08-01 05:14:49 +0000  1848 bytes for ./assets/node_modules/react-navigation/src/views/assets/back-icon@3x.png
copying file ./assets/node_modules/react-navigation/src/views/assets/back-icon@2x.png ... 
966 bytes for ./assets/node_modules/react-navigation/src/views/assets/back-icon@2x.png
copying file ./assets/node_modules/react-navigation/src/views/assets/back-icon.png ... 
491 bytes for ./assets/node_modules/react-navigation/src/views/assets/back-icon.png
2018-08-01 05:14:49 +0000  copying file ./assets/node_modules/react-navigation/src/views/assets/back-icon-mask.png ... 
2018-08-01 05:14:49 +0000  1887 bytes for ./assets/node_modules/react-navigation/src/views/assets/back-icon-mask.png
2018-08-01 05:14:49 +0000  copying file ./assets/node_modules/react-native-datepicker/date_icon.png ... 
2018-08-01 05:14:49 +0000  1133 bytes for ./assets/node_modules/react-native-datepicker/date_icon.png
2018-08-01 05:14:49 +0000  copying file ./assets/src/assets/buttons/editbutton.png ... 
2018-08-01 05:14:49 +0000  18654 bytes for ./assets/src/assets/buttons/editbutton.png
2018-08-01 05:14:49 +0000  copying file ./assets/src/assets/buttons/submit.png ... 
2018-08-01 05:14:49 +0000  4569 bytes for ./assets/src/assets/buttons/submit.png
copying file ./assets/src/assets/buttons/done.png ... 
2018-08-01 05:14:49 +0000  4416 bytes for ./assets/src/assets/buttons/done.png
copying file ./assets/src/assets/buttons/view_request.png ... 
2018-08-01 05:14:49 +0000  55198 bytes for ./assets/src/assets/buttons/view_request.png
2018-08-01 05:14:49 +0000  copying file ./assets/src/assets/buttons/accept.png ... 
2018-08-01 05:14:49 +0000  14059 bytes for ./assets/src/assets/buttons/accept.png
2018-08-01 05:14:49 +0000  copying file ./assets/src/assets/buttons/request_to_join.png ... 
2018-08-01 05:14:49 +0000  13990 bytes for ./assets/src/assets/buttons/request_to_join.png
2018-08-01 05:14:49 +0000  copying file ./assets/src/assets/1_a_base_02.png ... 
2018-08-01 05:14:49 +0000  135683 bytes for ./assets/src/assets/1_a_base_02.png
2018-08-01 05:14:49 +0000  copying file ./assets/src/assets/captain.png ... 
2018-08-01 05:14:49 +0000  4460 bytes for ./assets/src/assets/captain.png
2018-08-01 05:14:49 +0000  copying file ./assets/src/assets/request-accepted.png ... 
2018-08-01 05:14:49 +0000  6305 bytes for ./assets/src/assets/request-accepted.png
2018-08-01 05:14:49 +0000  copying file ./assets/src/assets/lets-go-icon.png ... 
2018-08-01 05:14:49 +0000  8281 bytes for ./assets/src/assets/lets-go-icon.png
2018-08-01 05:14:49 +0000  copying file ./assets/src/assets/menus/Home_Icon.png ... 
2018-08-01 05:14:49 +0000  19606 bytes for ./assets/src/assets/menus/Home_Icon.png
copying file ./assets/src/assets/menus/My_Messages_Icon.png ... 
2018-08-01 05:14:49 +0000  20386 bytes for ./assets/src/assets/menus/My_Messages_Icon.png
copying file ./assets/src/assets/menus/My_Events_Icon.png ... 
2018-08-01 05:14:49 +0000  18997 bytes for ./assets/src/assets/menus/My_Events_Icon.png
copying file ./assets/src/assets/menus/My_Profile_Icon.png ... 
2018-08-01 05:14:49 +0000  20876 bytes for ./assets/src/assets/menus/My_Profile_Icon.png
copying file ./assets/src/assets/menus/Add_Event_Icon.png ... 
2018-08-01 05:14:49 +0000  17801 bytes for ./assets/src/assets/menus/Add_Event_Icon.png
2018-08-01 05:14:49 +0000  copying file ./assets/src/assets/menus/three-dot.png ... 
2202 bytes for ./assets/src/assets/menus/three-dot.png
copying file ./assets/src/assets/menus/Unread_Messages_Icon.png ... 
2018-08-01 05:14:49 +0000  101509 bytes for ./assets/src/assets/menus/Unread_Messages_Icon.png
copying file ./assets/src/assets/menus/back.png ... 
2018-08-01 05:14:49 +0000  1291 bytes for ./assets/src/assets/menus/back.png
2018-08-01 05:14:49 +0000  copying file ./assets/src/assets/activities/VideoGameWhite.png ... 
2018-08-01 05:14:49 +0000  4372 bytes for ./assets/src/assets/activities/VideoGameWhite.png
copying file ./assets/src/assets/activities/SportsWhite.png ... 
2018-08-01 05:14:49 +0000  10615 bytes for ./assets/src/assets/activities/SportsWhite.png
copying file ./assets/src/assets/activities/MusicWhite.png ... 
2018-08-01 05:14:49 +0000  3287 bytes for ./assets/src/assets/activities/MusicWhite.png
2018-08-01 05:14:49 +0000  copying file ./assets/src/assets/activities/HikingWhite.png ... 
2018-08-01 05:14:49 +0000  5134 bytes for ./assets/src/assets/activities/HikingWhite.png
2018-08-01 05:14:49 +0000  copying file ./assets/src/assets/activities/FishingWhite.png ... 
2018-08-01 05:14:49 +0000  4234 bytes for ./assets/src/assets/activities/FishingWhite.png
2018-08-01 05:14:49 +0000  copying file ./assets/src/assets/activities/CampingWhite.png ... 
2018-08-01 05:14:49 +0000  7276 bytes for ./assets/src/assets/activities/CampingWhite.png
2018-08-01 05:14:49 +0000  copying file ./assets/src/assets/activities/MeetingWhite.png ... 
2018-08-01 05:14:49 +0000  4841 bytes for ./assets/src/assets/activities/MeetingWhite.png
2018-08-01 05:14:49 +0000  copying file ./assets/src/assets/activities/CraftsWhite.png ... 
2018-08-01 05:14:49 +0000  2889 bytes for ./assets/src/assets/activities/CraftsWhite.png
2018-08-01 05:14:49 +0000  copying file ./assets/src/assets/activities/SkiWhite.png ... 
2018-08-01 05:14:49 +0000  5860 bytes for ./assets/src/assets/activities/SkiWhite.png
2018-08-01 05:14:49 +0000  copying file ./assets/src/assets/activities/YogaWhite.png ... 
2018-08-01 05:14:49 +0000  4427 bytes for ./assets/src/assets/activities/YogaWhite.png
2018-08-01 05:14:49 +0000  copying file ./assets/src/assets/activities/StudyWhite.png ... 
2018-08-01 05:14:49 +0000  5147 bytes for ./assets/src/assets/activities/StudyWhite.png
2018-08-01 05:14:49 +0000  copying file ./assets/src/assets/activities/BoardGameWhite.png ... 
2018-08-01 05:14:49 +0000  3923 bytes for ./assets/src/assets/activities/BoardGameWhite.png
2018-08-01 05:14:49 +0000  copying file ./assets/src/assets/activities/PartyWhite.png ... 
2018-08-01 05:14:49 +0000  6557 bytes for ./assets/src/assets/activities/PartyWhite.png
copying file ./assets/src/assets/activities/BeerWhite.png ... 
2018-08-01 05:14:49 +0000  12545 bytes for ./assets/src/assets/activities/BeerWhite.png
2018-08-01 05:14:49 +0000  copying file ./assets/src/assets/activities/FoodWhite.png ... 
2018-08-01 05:14:49 +0000  7694 bytes for ./assets/src/assets/activities/FoodWhite.png
2018-08-01 05:14:49 +0000  copying file ./assets/src/assets/activities/CoffeeWhite.png ... 
2018-08-01 05:14:49 +0000  4970 bytes for ./assets/src/assets/activities/CoffeeWhite.png
2018-08-01 05:14:49 +0000  copying file ./assets/src/assets/activities/CarpoolWhite.png ... 
2018-08-01 05:14:49 +0000  3805 bytes for ./assets/src/assets/activities/CarpoolWhite.png
2018-08-01 05:14:49 +0000  copying file ./assets/src/assets/activities/CyclingWhite.png ... 
2018-08-01 05:14:49 +0000  5618 bytes for ./assets/src/assets/activities/CyclingWhite.png
2018-08-01 05:14:49 +0000  copying file ./assets/src/assets/activities/gallery_hero.jpg ... 
2018-08-01 05:14:49 +0000  16958 bytes for ./assets/src/assets/activities/gallery_hero.jpg
2018-08-01 05:14:49 +0000  copying file ./assets/src/assets/activities/WeightsWhite.png ... 
2018-08-01 05:14:49 +0000  2006 bytes for ./assets/src/assets/activities/WeightsWhite.png
2018-08-01 05:14:49 +0000  copying file ./assets/src/assets/createActivity/category.png ... 
2018-08-01 05:14:49 +0000  10217 bytes for ./assets/src/assets/createActivity/category.png
copying file ./assets/src/assets/createActivity/end.png ... 
2018-08-01 05:14:49 +0000  8009 bytes for ./assets/src/assets/createActivity/end.png
2018-08-01 05:14:49 +0000  copying file ./assets/src/assets/createActivity/defaultActivity.png ... 
2018-08-01 05:14:49 +0000  4692 bytes for ./assets/src/assets/createActivity/defaultActivity.png
2018-08-01 05:14:49 +0000  copying file ./assets/src/assets/createActivity/start.png ... 
2018-08-01 05:14:49 +0000  9114 bytes for ./assets/src/assets/createActivity/start.png
2018-08-01 05:14:49 +0000  copying file ./assets/src/assets/loginIcons/userpic.png ... 
2018-08-01 05:14:49 +0000  3719 bytes for ./assets/src/assets/loginIcons/userpic.png
copying file ./assets/src/assets/loginIcons/password.png ... 
2018-08-01 05:14:49 +0000  3035 bytes for ./assets/src/assets/loginIcons/password.png
2018-08-01 05:14:49 +0000  copying file ./assets/src/assets/loginIcons/loginTitle.png ... 
2018-08-01 05:14:49 +0000  3811 bytes for ./assets/src/assets/loginIcons/loginTitle.png
2018-08-01 05:14:49 +0000  copying file ./assets/src/assets/assets_5.28-06.png ... 
2018-08-01 05:14:49 +0000  97127 bytes for ./assets/src/assets/assets_5.28-06.png
copying file ./assets/src/assets/default.png ... 
2018-08-01 05:14:49 +0000  2650 bytes for ./assets/src/assets/default.png
copying file ./assets/src/assets/request-sent.png ... 
2018-08-01 05:14:49 +0000  5682 bytes for ./assets/src/assets/request-sent.png
2018-08-01 05:14:49 +0000  copying file ./AppIcon20x20@2x~ipad.png ... 
2018-08-01 05:14:49 +0000  4458 bytes for ./AppIcon20x20@2x~ipad.png
copying file ./Info.plist ... 
2018-08-01 05:14:49 +0000  2422 bytes for ./Info.plist
copying file ./PkgInfo ... 
2018-08-01 05:14:49 +0000  8 bytes for ./PkgInfo
2018-08-01 05:14:49 +0000  copying file ./MaterialIcons.ttf ... 
2018-08-01 05:14:49 +0000  128180 bytes for ./MaterialIcons.ttf
copying file ./AppIcon76x76~ipad.png ... 
2018-08-01 05:14:49 +0000  7800 bytes for ./AppIcon76x76~ipad.png
2018-08-01 05:14:49 +0000  2018-08-01 05:14:49 +0000  

2018-08-01 05:14:49 +0000  /usr/bin/ditto exited with 0
2018-08-01 05:14:49 +0000  
2018-08-01 05:14:49 +0000  Processing step: IDEDistributionEmbedProfileStep
2018-08-01 05:14:49 +0000  Processing step: IDEDistributionItemRemovalStep
2018-08-01 05:14:49 +0000  Processing step: IDEDistributionAppThinningPlistStep
2018-08-01 05:14:49 +0000  Skipping step: IDEDistributionAppThinningPlistStep because it said so
2018-08-01 05:14:49 +0000  Processing step: IDEDistributionCompileBitcodeStep
2018-08-01 05:14:49 +0000  Skipping step: IDEDistributionCompileBitcodeStep because it said so
2018-08-01 05:14:49 +0000  Processing step: IDEDistributionCodeSlimmingStep
2018-08-01 05:14:49 +0000  Processing step: IDEDistributionCopyBCSymbolMapsStep
2018-08-01 05:14:49 +0000  Running /usr/bin/ditto '-V' '/Users/panyatanich/Library/Developer/Xcode/Archives/2018-07-31/lets_go_the_app 7-31-18, 10.53 PM.xcarchive/BCSymbolMaps/21B34EE4-2663-3378-B1D3-4ECCA4BCAB46.bcsymbolmap' '/var/folders/pz/d1sqn4b11979l8h4wqmp2nph0000gn/T/XcodeDistPipeline.PdP/Root/BCSymbolMaps/21B34EE4-2663-3378-B1D3-4ECCA4BCAB46.bcsymbolmap'
2018-08-01 05:14:49 +0000  >>> Copying /Users/panyatanich/Library/Developer/Xcode/Archives/2018-07-31/lets_go_the_app 7-31-18, 10.53 PM.xcarchive/BCSymbolMaps/21B34EE4-2663-3378-B1D3-4ECCA4BCAB46.bcsymbolmap 
2018-08-01 05:14:49 +0000  copying file ./21B34EE4-2663-3378-B1D3-4ECCA4BCAB46.bcsymbolmap ... 
2018-08-01 05:14:49 +0000  755945 bytes for ./21B34EE4-2663-3378-B1D3-4ECCA4BCAB46.bcsymbolmap
2018-08-01 05:14:49 +0000  2018-08-01 05:14:49 +0000  

2018-08-01 05:14:49 +0000  /usr/bin/ditto exited with 0
2018-08-01 05:14:49 +0000  2018-08-01 05:14:49 +0000  

2018-08-01 05:14:49 +0000  Running /usr/bin/ditto '-V' '/Users/panyatanich/Library/Developer/Xcode/Archives/2018-07-31/lets_go_the_app 7-31-18, 10.53 PM.xcarchive/BCSymbolMaps/C514A625-1645-38C2-9F98-0B9157A74852.bcsymbolmap' '/var/folders/pz/d1sqn4b11979l8h4wqmp2nph0000gn/T/XcodeDistPipeline.PdP/Root/BCSymbolMaps/C514A625-1645-38C2-9F98-0B9157A74852.bcsymbolmap'
2018-08-01 05:14:49 +0000  >>> Copying /Users/panyatanich/Library/Developer/Xcode/Archives/2018-07-31/lets_go_the_app 7-31-18, 10.53 PM.xcarchive/BCSymbolMaps/C514A625-1645-38C2-9F98-0B9157A74852.bcsymbolmap 
2018-08-01 05:14:49 +0000  copying file ./C514A625-1645-38C2-9F98-0B9157A74852.bcsymbolmap ... 
2018-08-01 05:14:49 +0000  762768 bytes for ./C514A625-1645-38C2-9F98-0B9157A74852.bcsymbolmap
2018-08-01 05:14:49 +0000  
2018-08-01 05:14:49 +0000  2018-08-01 05:14:49 +0000  /usr/bin/ditto exited with 0

2018-08-01 05:14:49 +0000  
2018-08-01 05:14:49 +0000  Processing step: IDEDistributionSymbolsStep
2018-08-01 05:14:49 +0000  Excluding symbols for lets_go_the_app.app
2018-08-01 05:14:49 +0000  Processing step: IDEDistributionCopyAppleProvidedContentStep
2018-08-01 05:14:49 +0000  Processing step: IDEDistributionAppThinningStep
2018-08-01 05:14:49 +0000  Skipping step: IDEDistributionAppThinningStep because it said so
2018-08-01 05:14:49 +0000  Processing step: IDEDistributionODRStep
2018-08-01 05:14:49 +0000  Processing step: IDEDistributionStripXattrsStep
2018-08-01 05:14:49 +0000  Running /usr/bin/xattr '-crs' '/var/folders/pz/d1sqn4b11979l8h4wqmp2nph0000gn/T/XcodeDistPipeline.PdP/Root/Payload/lets_go_the_app.app'
2018-08-01 05:14:49 +0000  2018-08-01 05:14:49 +0000  

2018-08-01 05:14:49 +0000  /usr/bin/xattr exited with 0
2018-08-01 05:14:49 +0000  2018-08-01 05:14:49 +0000  

2018-08-01 05:14:49 +0000  Processing step: IDEDistributionCodesignStep
2018-08-01 05:14:49 +0000  Entitlements for <IDEDistributionItem: 0x7ff412561bb0 'com.socializingsyndicatecorporation.letsgotheapp' '<DVTFilePath:0x7ff42754df10:'/Users/panyatanich/Library/Developer/Xcode/Archives/2018-07-31/lets_go_the_app 7-31-18, 10.53 PM.xcarchive/Products/Applications/lets_go_the_app.app'>'>: {
    "application-identifier" = "6J33RU6PF7.com.socializingsyndicatecorporation.letsgotheapp";
    "aps-environment" = production;
    "beta-reports-active" = 1;
    "com.apple.developer.default-data-protection" = NSFileProtectionComplete;
    "com.apple.developer.team-identifier" = 6J33RU6PF7;
    "get-task-allow" = 0;
}
2018-08-01 05:14:49 +0000  Writing entitlements for <IDEDistributionItem: 0x7ff412561bb0 'com.socializingsyndicatecorporation.letsgotheapp' '<DVTFilePath:0x7ff42754df10:'/Users/panyatanich/Library/Developer/Xcode/Archives/2018-07-31/lets_go_the_app 7-31-18, 10.53 PM.xcarchive/Products/Applications/lets_go_the_app.app'>'> to: /var/folders/pz/d1sqn4b11979l8h4wqmp2nph0000gn/T/XcodeDistPipeline.PdP/entitlementsFRrFEt
2018-08-01 05:14:49 +0000  Running /usr/bin/codesign '-vvv' '--force' '--sign' 'BDE4B181C1F1172960E9D05644D5740FCE6358D5' '--preserve-metadata=identifier,flags' '--entitlements' '/var/folders/pz/d1sqn4b11979l8h4wqmp2nph0000gn/T/XcodeDistPipeline.PdP/entitlementsFRrFEt' '/var/folders/pz/d1sqn4b11979l8h4wqmp2nph0000gn/T/XcodeDistPipeline.PdP/Root/Payload/lets_go_the_app.app'
2018-08-01 05:14:57 +0000  /var/folders/pz/d1sqn4b11979l8h4wqmp2nph0000gn/T/XcodeDistPipeline.PdP/Root/Payload/lets_go_the_app.app: signed app bundle with Mach-O universal (armv7 arm64) [com.socializingsyndicatecorporation.letsgotheapp]
2018-08-01 05:14:57 +0000  
2018-08-01 05:14:57 +0000  2018-08-01 05:14:57 +0000  /usr/bin/codesign exited with 0

2018-08-01 05:14:57 +0000  Processing step: IDEDistributionStreamingZipItemStep
2018-08-01 05:14:57 +0000  Skipping step: IDEDistributionStreamingZipItemStep because it said so
2018-08-01 05:14:57 +0000  Processing step: IDEDistributionCreateIPAStep
2018-08-01 05:14:57 +0000  Running /usr/bin/ditto '-V' '-c' '-k' '--norsrc' '/var/folders/pz/d1sqn4b11979l8h4wqmp2nph0000gn/T/XcodeDistPipeline.PdP/Root' '/var/folders/pz/d1sqn4b11979l8h4wqmp2nph0000gn/T/XcodeDistPipeline.PdP/Packages/lets_go_the_app.ipa'
2018-08-01 05:14:57 +0000  >>> Copying /var/folders/pz/d1sqn4b11979l8h4wqmp2nph0000gn/T/XcodeDistPipeline.PdP/Root 
2018-08-01 05:14:57 +0000  copying file ./BCSymbolMaps/C514A625-1645-38C2-9F98-0B9157A74852.bcsymbolmap ... 
2018-08-01 05:14:57 +0000  762768 bytes for ./BCSymbolMaps/C514A625-1645-38C2-9F98-0B9157A74852.bcsymbolmap
2018-08-01 05:14:57 +0000  copying file ./BCSymbolMaps/21B34EE4-2663-3378-B1D3-4ECCA4BCAB46.bcsymbolmap ... 
2018-08-01 05:14:57 +0000  755945 bytes for ./BCSymbolMaps/21B34EE4-2663-3378-B1D3-4ECCA4BCAB46.bcsymbolmap
2018-08-01 05:14:57 +0000  copying file ./Payload/lets_go_the_app.app/_CodeSignature/CodeResources ... 
31675 bytes for ./Payload/lets_go_the_app.app/_CodeSignature/CodeResources
copying file ./Payload/lets_go_the_app.app/Octicons.ttf ... 
2018-08-01 05:14:57 +0000  27520 bytes for ./Payload/lets_go_the_app.app/Octicons.ttf
2018-08-01 05:14:57 +0000  copying file ./Payload/lets_go_the_app.app/Feather.ttf ... 
2018-08-01 05:14:57 +0000  65112 bytes for ./Payload/lets_go_the_app.app/Feather.ttf
copying file ./Payload/lets_go_the_app.app/Roboto_medium.ttf ... 
2018-08-01 05:14:57 +0000  137308 bytes for ./Payload/lets_go_the_app.app/Roboto_medium.ttf
copying file ./Payload/lets_go_the_app.app/AppIcon20x20@2x.png ... 
2018-08-01 05:14:57 +0000  4458 bytes for ./Payload/lets_go_the_app.app/AppIcon20x20@2x.png
copying file ./Payload/lets_go_the_app.app/Entypo.ttf ... 
2018-08-01 05:14:57 +0000  65584 bytes for ./Payload/lets_go_the_app.app/Entypo.ttf
copying file ./Payload/lets_go_the_app.app/AppIcon20x20@3x.png ... 
2018-08-01 05:14:57 +0000  6103 bytes for ./Payload/lets_go_the_app.app/AppIcon20x20@3x.png
copying file ./Payload/lets_go_the_app.app/MaterialCommunityIcons.ttf ... 
2018-08-01 05:14:57 +0000  358456 bytes for ./Payload/lets_go_the_app.app/MaterialCommunityIcons.ttf
copying file ./Payload/lets_go_the_app.app/AppIcon60x60@2x.png ... 
2018-08-01 05:14:57 +0000  10789 bytes for ./Payload/lets_go_the_app.app/AppIcon60x60@2x.png
copying file ./Payload/lets_go_the_app.app/AppIcon29x29@2x.png ... 
5731 bytes for ./Payload/lets_go_the_app.app/AppIcon29x29@2x.png
copying file ./Payload/lets_go_the_app.app/AppIcon40x40@3x.png ... 
2018-08-01 05:14:57 +0000  10789 bytes for ./Payload/lets_go_the_app.app/AppIcon40x40@3x.png
copying file ./Payload/lets_go_the_app.app/Foundation.ttf ... 
2018-08-01 05:14:57 +0000  56976 bytes for ./Payload/lets_go_the_app.app/Foundation.ttf
copying file ./Payload/lets_go_the_app.app/AppIcon29x29~ipad.png ... 
2018-08-01 05:14:57 +0000  3354 bytes for ./Payload/lets_go_the_app.app/AppIcon29x29~ipad.png
copying file ./Payload/lets_go_the_app.app/Ionicons.ttf ... 
2018-08-01 05:14:57 +0000  112472 bytes for ./Payload/lets_go_the_app.app/Ionicons.ttf
copying file ./Payload/lets_go_the_app.app/AppIcon40x40@2x.png ... 
2018-08-01 05:14:57 +0000  7967 bytes for ./Payload/lets_go_the_app.app/AppIcon40x40@2x.png
copying file ./Payload/lets_go_the_app.app/AppIcon29x29@3x.png ... 
8525 bytes for ./Payload/lets_go_the_app.app/AppIcon29x29@3x.png
copying file ./Payload/lets_go_the_app.app/AppIcon60x60@3x.png ... 
2018-08-01 05:14:57 +0000  14484 bytes for ./Payload/lets_go_the_app.app/AppIcon60x60@3x.png
copying file ./Payload/lets_go_the_app.app/rubicon-icon-font.ttf ... 
2018-08-01 05:14:57 +0000  10208 bytes for ./Payload/lets_go_the_app.app/rubicon-icon-font.ttf
2018-08-01 05:14:57 +0000  copying file ./Payload/lets_go_the_app.app/Base.lproj/LaunchScreen.nib ... 
2631 bytes for ./Payload/lets_go_the_app.app/Base.lproj/LaunchScreen.nib
copying file ./Payload/lets_go_the_app.app/FontAwesome.ttf ... 
2018-08-01 05:14:57 +0000  165548 bytes for ./Payload/lets_go_the_app.app/FontAwesome.ttf
copying file ./Payload/lets_go_the_app.app/Zocial.ttf ... 
2018-08-01 05:14:57 +0000  25552 bytes for ./Payload/lets_go_the_app.app/Zocial.ttf
copying file ./Payload/lets_go_the_app.app/Roboto.ttf ... 
2018-08-01 05:14:57 +0000  145348 bytes for ./Payload/lets_go_the_app.app/Roboto.ttf
2018-08-01 05:14:57 +0000  copying file ./Payload/lets_go_the_app.app/Assets.car ... 
2018-08-01 05:14:57 +0000  13376568 bytes for ./Payload/lets_go_the_app.app/Assets.car
copying file ./Payload/lets_go_the_app.app/AppIcon40x40@2x~ipad.png ... 
2018-08-01 05:14:57 +0000  7967 bytes for ./Payload/lets_go_the_app.app/AppIcon40x40@2x~ipad.png
copying file ./Payload/lets_go_the_app.app/EvilIcons.ttf ... 
13128 bytes for ./Payload/lets_go_the_app.app/EvilIcons.ttf
copying file ./Payload/lets_go_the_app.app/AppIcon76x76@2x~ipad.png ... 
2018-08-01 05:14:57 +0000  12337 bytes for ./Payload/lets_go_the_app.app/AppIcon76x76@2x~ipad.png
copying file ./Payload/lets_go_the_app.app/main.jsbundle ... 
2018-08-01 05:14:57 +0000  1993116 bytes for ./Payload/lets_go_the_app.app/main.jsbundle
copying file ./Payload/lets_go_the_app.app/AppIcon83.5x83.5@2x~ipad.png ... 
2018-08-01 05:14:57 +0000  13826 bytes for ./Payload/lets_go_the_app.app/AppIcon83.5x83.5@2x~ipad.png
copying file ./Payload/lets_go_the_app.app/lets_go_the_app ... 
2018-08-01 05:14:58 +0000  23178656 bytes for ./Payload/lets_go_the_app.app/lets_go_the_app
copying file ./Payload/lets_go_the_app.app/AppIcon29x29@2x~ipad.png ... 
2018-08-01 05:14:58 +0000  5731 bytes for ./Payload/lets_go_the_app.app/AppIcon29x29@2x~ipad.png
copying file ./Payload/lets_go_the_app.app/AppIcon40x40~ipad.png ... 
4458 bytes for ./Payload/lets_go_the_app.app/AppIcon40x40~ipad.png
copying file ./Payload/lets_go_the_app.app/AppIcon20x20~ipad.png ... 
2411 bytes for ./Payload/lets_go_the_app.app/AppIcon20x20~ipad.png
copying file ./Payload/lets_go_the_app.app/SimpleLineIcons.ttf ... 
2018-08-01 05:14:58 +0000  54056 bytes for ./Payload/lets_go_the_app.app/SimpleLineIcons.ttf
copying file ./Payload/lets_go_the_app.app/embedded.mobileprovision ... 
2018-08-01 05:14:58 +0000  9827 bytes for ./Payload/lets_go_the_app.app/embedded.mobileprovision
copying file ./Payload/lets_go_the_app.app/assets/node_modules/react-native-router-flux/images/menu_burger.png ... 
706 bytes for ./Payload/lets_go_the_app.app/assets/node_modules/react-native-router-flux/images/menu_burger.png
copying file ./Payload/lets_go_the_app.app/assets/node_modules/react-native-router-flux/images/back_chevron.png ... 
2018-08-01 05:14:58 +0000  575 bytes for ./Payload/lets_go_the_app.app/assets/node_modules/react-native-router-flux/images/back_chevron.png
copying file ./Payload/lets_go_the_app.app/assets/node_modules/react-navigation/src/views/assets/back-icon@3x.png ... 
2018-08-01 05:14:58 +0000  1848 bytes for ./Payload/lets_go_the_app.app/assets/node_modules/react-navigation/src/views/assets/back-icon@3x.png
copying file ./Payload/lets_go_the_app.app/assets/node_modules/react-navigation/src/views/assets/back-icon@2x.png ... 
2018-08-01 05:14:58 +0000  966 bytes for ./Payload/lets_go_the_app.app/assets/node_modules/react-navigation/src/views/assets/back-icon@2x.png
2018-08-01 05:14:58 +0000  copying file ./Payload/lets_go_the_app.app/assets/node_modules/react-navigation/src/views/assets/back-icon.png ... 
491 bytes for ./Payload/lets_go_the_app.app/assets/node_modules/react-navigation/src/views/assets/back-icon.png
copying file ./Payload/lets_go_the_app.app/assets/node_modules/react-navigation/src/views/assets/back-icon-mask.png ... 
2018-08-01 05:14:58 +0000  1887 bytes for ./Payload/lets_go_the_app.app/assets/node_modules/react-navigation/src/views/assets/back-icon-mask.png
2018-08-01 05:14:58 +0000  copying file ./Payload/lets_go_the_app.app/assets/node_modules/react-native-datepicker/date_icon.png ... 
2018-08-01 05:14:58 +0000  1133 bytes for ./Payload/lets_go_the_app.app/assets/node_modules/react-native-datepicker/date_icon.png
2018-08-01 05:14:58 +0000  copying file ./Payload/lets_go_the_app.app/assets/src/assets/buttons/editbutton.png ... 
2018-08-01 05:14:58 +0000  18654 bytes for ./Payload/lets_go_the_app.app/assets/src/assets/buttons/editbutton.png
copying file ./Payload/lets_go_the_app.app/assets/src/assets/buttons/submit.png ... 
2018-08-01 05:14:58 +0000  4569 bytes for ./Payload/lets_go_the_app.app/assets/src/assets/buttons/submit.png
copying file ./Payload/lets_go_the_app.app/assets/src/assets/buttons/done.png ... 
4416 bytes for ./Payload/lets_go_the_app.app/assets/src/assets/buttons/done.png
copying file ./Payload/lets_go_the_app.app/assets/src/assets/buttons/view_request.png ... 
2018-08-01 05:14:58 +0000  55198 bytes for ./Payload/lets_go_the_app.app/assets/src/assets/buttons/view_request.png
copying file ./Payload/lets_go_the_app.app/assets/src/assets/buttons/accept.png ... 
2018-08-01 05:14:58 +0000  14059 bytes for ./Payload/lets_go_the_app.app/assets/src/assets/buttons/accept.png
copying file ./Payload/lets_go_the_app.app/assets/src/assets/buttons/request_to_join.png ... 
13990 bytes for ./Payload/lets_go_the_app.app/assets/src/assets/buttons/request_to_join.png
copying file ./Payload/lets_go_the_app.app/assets/src/assets/1_a_base_02.png ... 
2018-08-01 05:14:58 +0000  135683 bytes for ./Payload/lets_go_the_app.app/assets/src/assets/1_a_base_02.png
2018-08-01 05:14:58 +0000  copying file ./Payload/lets_go_the_app.app/assets/src/assets/captain.png ... 
4460 bytes for ./Payload/lets_go_the_app.app/assets/src/assets/captain.png
copying file ./Payload/lets_go_the_app.app/assets/src/assets/request-accepted.png ... 
6305 bytes for ./Payload/lets_go_the_app.app/assets/src/assets/request-accepted.png
copying file ./Payload/lets_go_the_app.app/assets/src/assets/lets-go-icon.png ... 
8281 bytes for ./Payload/lets_go_the_app.app/assets/src/assets/lets-go-icon.png
copying file ./Payload/lets_go_the_app.app/assets/src/assets/menus/Home_Icon.png ... 
2018-08-01 05:14:58 +0000  19606 bytes for ./Payload/lets_go_the_app.app/assets/src/assets/menus/Home_Icon.png
copying file ./Payload/lets_go_the_app.app/assets/src/assets/menus/My_Messages_Icon.png ... 
2018-08-01 05:14:58 +0000  20386 bytes for ./Payload/lets_go_the_app.app/assets/src/assets/menus/My_Messages_Icon.png
copying file ./Payload/lets_go_the_app.app/assets/src/assets/menus/My_Events_Icon.png ... 
2018-08-01 05:14:58 +0000  18997 bytes for ./Payload/lets_go_the_app.app/assets/src/assets/menus/My_Events_Icon.png
copying file ./Payload/lets_go_the_app.app/assets/src/assets/menus/My_Profile_Icon.png ... 
20876 bytes for ./Payload/lets_go_the_app.app/assets/src/assets/menus/My_Profile_Icon.png
copying file ./Payload/lets_go_the_app.app/assets/src/assets/menus/Add_Event_Icon.png ... 
2018-08-01 05:14:58 +0000  17801 bytes for ./Payload/lets_go_the_app.app/assets/src/assets/menus/Add_Event_Icon.png
2018-08-01 05:14:58 +0000  copying file ./Payload/lets_go_the_app.app/assets/src/assets/menus/three-dot.png ... 
2018-08-01 05:14:58 +0000  2202 bytes for ./Payload/lets_go_the_app.app/assets/src/assets/menus/three-dot.png
copying file ./Payload/lets_go_the_app.app/assets/src/assets/menus/Unread_Messages_Icon.png ... 
2018-08-01 05:14:58 +0000  101509 bytes for ./Payload/lets_go_the_app.app/assets/src/assets/menus/Unread_Messages_Icon.png
copying file ./Payload/lets_go_the_app.app/assets/src/assets/menus/back.png ... 
2018-08-01 05:14:58 +0000  1291 bytes for ./Payload/lets_go_the_app.app/assets/src/assets/menus/back.png
copying file ./Payload/lets_go_the_app.app/assets/src/assets/activities/VideoGameWhite.png ... 
4372 bytes for ./Payload/lets_go_the_app.app/assets/src/assets/activities/VideoGameWhite.png
copying file ./Payload/lets_go_the_app.app/assets/src/assets/activities/SportsWhite.png ... 
10615 bytes for ./Payload/lets_go_the_app.app/assets/src/assets/activities/SportsWhite.png
copying file ./Payload/lets_go_the_app.app/assets/src/assets/activities/MusicWhite.png ... 
2018-08-01 05:14:58 +0000  3287 bytes for ./Payload/lets_go_the_app.app/assets/src/assets/activities/MusicWhite.png
2018-08-01 05:14:58 +0000  copying file ./Payload/lets_go_the_app.app/assets/src/assets/activities/HikingWhite.png ... 
2018-08-01 05:14:58 +0000  5134 bytes for ./Payload/lets_go_the_app.app/assets/src/assets/activities/HikingWhite.png
copying file ./Payload/lets_go_the_app.app/assets/src/assets/activities/FishingWhite.png ... 
2018-08-01 05:14:58 +0000  4234 bytes for ./Payload/lets_go_the_app.app/assets/src/assets/activities/FishingWhite.png
copying file ./Payload/lets_go_the_app.app/assets/src/assets/activities/CampingWhite.png ... 
2018-08-01 05:14:58 +0000  7276 bytes for ./Payload/lets_go_the_app.app/assets/src/assets/activities/CampingWhite.png
copying file ./Payload/lets_go_the_app.app/assets/src/assets/activities/MeetingWhite.png ... 
2018-08-01 05:14:58 +0000  4841 bytes for ./Payload/lets_go_the_app.app/assets/src/assets/activities/MeetingWhite.png
copying file ./Payload/lets_go_the_app.app/assets/src/assets/activities/CraftsWhite.png ... 
2018-08-01 05:14:58 +0000  2889 bytes for ./Payload/lets_go_the_app.app/assets/src/assets/activities/CraftsWhite.png
copying file ./Payload/lets_go_the_app.app/assets/src/assets/activities/SkiWhite.png ... 
2018-08-01 05:14:58 +0000  5860 bytes for ./Payload/lets_go_the_app.app/assets/src/assets/activities/SkiWhite.png
copying file ./Payload/lets_go_the_app.app/assets/src/assets/activities/YogaWhite.png ... 
2018-08-01 05:14:58 +0000  4427 bytes for ./Payload/lets_go_the_app.app/assets/src/assets/activities/YogaWhite.png
copying file ./Payload/lets_go_the_app.app/assets/src/assets/activities/StudyWhite.png ... 
2018-08-01 05:14:58 +0000  5147 bytes for ./Payload/lets_go_the_app.app/assets/src/assets/activities/StudyWhite.png
copying file ./Payload/lets_go_the_app.app/assets/src/assets/activities/BoardGameWhite.png ... 
2018-08-01 05:14:58 +0000  3923 bytes for ./Payload/lets_go_the_app.app/assets/src/assets/activities/BoardGameWhite.png
2018-08-01 05:14:58 +0000  copying file ./Payload/lets_go_the_app.app/assets/src/assets/activities/PartyWhite.png ... 
2018-08-01 05:14:58 +0000  6557 bytes for ./Payload/lets_go_the_app.app/assets/src/assets/activities/PartyWhite.png
copying file ./Payload/lets_go_the_app.app/assets/src/assets/activities/BeerWhite.png ... 
2018-08-01 05:14:58 +0000  12545 bytes for ./Payload/lets_go_the_app.app/assets/src/assets/activities/BeerWhite.png
copying file ./Payload/lets_go_the_app.app/assets/src/assets/activities/FoodWhite.png ... 
2018-08-01 05:14:58 +0000  7694 bytes for ./Payload/lets_go_the_app.app/assets/src/assets/activities/FoodWhite.png
copying file ./Payload/lets_go_the_app.app/assets/src/assets/activities/CoffeeWhite.png ... 
2018-08-01 05:14:58 +0000  4970 bytes for ./Payload/lets_go_the_app.app/assets/src/assets/activities/CoffeeWhite.png
copying file ./Payload/lets_go_the_app.app/assets/src/assets/activities/CarpoolWhite.png ... 
2018-08-01 05:14:58 +0000  3805 bytes for ./Payload/lets_go_the_app.app/assets/src/assets/activities/CarpoolWhite.png
copying file ./Payload/lets_go_the_app.app/assets/src/assets/activities/CyclingWhite.png ... 
2018-08-01 05:14:58 +0000  5618 bytes for ./Payload/lets_go_the_app.app/assets/src/assets/activities/CyclingWhite.png
copying file ./Payload/lets_go_the_app.app/assets/src/assets/activities/gallery_hero.jpg ... 
2018-08-01 05:14:58 +0000  16958 bytes for ./Payload/lets_go_the_app.app/assets/src/assets/activities/gallery_hero.jpg
copying file ./Payload/lets_go_the_app.app/assets/src/assets/activities/WeightsWhite.png ... 
2018-08-01 05:14:58 +0000  2006 bytes for ./Payload/lets_go_the_app.app/assets/src/assets/activities/WeightsWhite.png
copying file ./Payload/lets_go_the_app.app/assets/src/assets/createActivity/category.png ... 
10217 bytes for ./Payload/lets_go_the_app.app/assets/src/assets/createActivity/category.png
copying file ./Payload/lets_go_the_app.app/assets/src/assets/createActivity/end.png ... 
8009 bytes for ./Payload/lets_go_the_app.app/assets/src/assets/createActivity/end.png
copying file ./Payload/lets_go_the_app.app/assets/src/assets/createActivity/defaultActivity.png ... 
4692 bytes for ./Payload/lets_go_the_app.app/assets/src/assets/createActivity/defaultActivity.png
copying file ./Payload/lets_go_the_app.app/assets/src/assets/createActivity/start.png ... 
2018-08-01 05:14:58 +0000  9114 bytes for ./Payload/lets_go_the_app.app/assets/src/assets/createActivity/start.png
2018-08-01 05:14:58 +0000  copying file ./Payload/lets_go_the_app.app/assets/src/assets/loginIcons/userpic.png ... 
2018-08-01 05:14:58 +0000  3719 bytes for ./Payload/lets_go_the_app.app/assets/src/assets/loginIcons/userpic.png
copying file ./Payload/lets_go_the_app.app/assets/src/assets/loginIcons/password.png ... 
2018-08-01 05:14:58 +0000  3035 bytes for ./Payload/lets_go_the_app.app/assets/src/assets/loginIcons/password.png
2018-08-01 05:14:58 +0000  copying file ./Payload/lets_go_the_app.app/assets/src/assets/loginIcons/loginTitle.png ... 
2018-08-01 05:14:58 +0000  3811 bytes for ./Payload/lets_go_the_app.app/assets/src/assets/loginIcons/loginTitle.png
copying file ./Payload/lets_go_the_app.app/assets/src/assets/assets_5.28-06.png ... 
2018-08-01 05:14:58 +0000  97127 bytes for ./Payload/lets_go_the_app.app/assets/src/assets/assets_5.28-06.png
copying file ./Payload/lets_go_the_app.app/assets/src/assets/default.png ... 
2018-08-01 05:14:58 +0000  2650 bytes for ./Payload/lets_go_the_app.app/assets/src/assets/default.png
copying file ./Payload/lets_go_the_app.app/assets/src/assets/request-sent.png ... 
5682 bytes for ./Payload/lets_go_the_app.app/assets/src/assets/request-sent.png
copying file ./Payload/lets_go_the_app.app/AppIcon20x20@2x~ipad.png ... 
4458 bytes for ./Payload/lets_go_the_app.app/AppIcon20x20@2x~ipad.png
copying file ./Payload/lets_go_the_app.app/Info.plist ... 
2018-08-01 05:14:58 +0000  2422 bytes for ./Payload/lets_go_the_app.app/Info.plist
copying file ./Payload/lets_go_the_app.app/PkgInfo ... 
8 bytes for ./Payload/lets_go_the_app.app/PkgInfo
2018-08-01 05:14:58 +0000  copying file ./Payload/lets_go_the_app.app/MaterialIcons.ttf ... 
2018-08-01 05:14:58 +0000  128180 bytes for ./Payload/lets_go_the_app.app/MaterialIcons.ttf
copying file ./Payload/lets_go_the_app.app/AppIcon76x76~ipad.png ... 
2018-08-01 05:14:58 +0000  7800 bytes for ./Payload/lets_go_the_app.app/AppIcon76x76~ipad.png
2018-08-01 05:14:58 +0000  2018-08-01 05:14:58 +0000  /usr/bin/ditto exited with 0

2018-08-01 05:14:58 +0000  
2018-08-01 05:14:58 +0000  Processing step: IDEDistributionCreateManifestStep
2018-08-01 05:14:58 +0000  Skipping step: IDEDistributionCreateManifestStep because it said so
